{"numFailedTestSuites":0,"numFailedTests":0,"numPassedTestSuites":8,"numPassedTests":20,"numPendingTestSuites":0,"numPendingTests":0,"numRuntimeErrorTestSuites":0,"numTodoTests":0,"numTotalTestSuites":8,"numTotalTests":20,"openHandles":[],"snapshot":{"added":0,"didUpdate":false,"failure":false,"filesAdded":0,"filesRemoved":0,"filesRemovedList":[],"filesUnmatched":0,"filesUpdated":0,"matched":0,"total":0,"unchecked":0,"uncheckedKeysByFile":[],"unmatched":0,"updated":0},"startTime":1787620710730,"success":true,"testResults":[{"assertionResults":[{"ancestorTitles":[],"failureMessages":[],"fullName":"renders movie title, genre, and duration","location":null,"status":"passed","title":"renders movie title, genre, and duration"}],"endTime":1787620714132,"message":"","name":"F:\\CineVora\\frontend\\src\\tests\\MovieCard.test.jsx","startTime":1787620712265,"status":"passed","summary":""},{"assertionResults":[{"ancestorTitles":["MovieList Component"],"failureMessages":[],"fullName":"MovieList Component renders Now Showing and Coming Soon sections","location":null,"status":"passed","title":"renders Now Showing and Coming Soon sections"},{"ancestorTitles":["MovieList Component"],"failureMessages":[],"fullName":"MovieList Component renders movies under correct sections","location":null,"status":"passed","title":"renders movies under correct sections"},{"ancestorTitles":["MovieList Component"],"failureMessages":[],"fullName":"MovieList Component filters movies by genre","location":null,"status":"passed","title":"filters movies by genre"},{"ancestorTitles":["MovieList Component"],"failureMessages":[],"fullName":"MovieList Component filters movies by rating","location":null,"status":"passed","title":"filters movies by rating"},{"ancestorTitles":["MovieList Component"],"failureMessages":[],"fullName":"MovieList Component shows 'No movies found' when filters exclude all movies","location":null,"status":"passed","title":"shows 'No movies found' when filters exclude all movies"}],"endTime":1787620715486,"message":"","name":"F:\\CineVora\\frontend\\src\\tests\\MovieList.test.jsx","startTime":1787620714339,"status":"passed","summary":""},{"assertionResults":[{"ancestorTitles":["MovieManager Component"],"failureMessages":[],"fullName":"MovieManager Component renders loading and then movie table","location":null,"status":"passed","title":"renders loading and then movie table"},{"ancestorTitles":["MovieManager Component"],"failureMessages":[],"fullName":"MovieManager Component Add New Movie button navigates correctly","location":null,"status":"passed","title":"Add New Movie button navigates correctly"},{"ancestorTitles":["MovieManager Component"],"failureMessages":[],"fullName":"MovieManager Component Edit button navigates correctly","location":null,"status":"passed","title":"Edit button navigates correctly"},{"ancestorTitles":["MovieManager Component"],"failureMessages":[],"fullName":"MovieManager Component Delete button calls deleteMovie and removes movie from list","location":null,"status":"passed","title":"Delete button calls deleteMovie and removes movie from list"}],"endTime":1787620716128,"message":"","name":"F:\\CineVora\\frontend\\src\\tests\\MovieManager.test.jsx","startTime":1787620715537,"status":"passed","summary":""},{"assertionResults":[{"ancestorTitles":["AddMovie Component"],"failureMessages":[],"fullName":"AddMovie Component renders form fields correctly","location":null,"status":"passed","title":"renders form fields correctly"},{"ancestorTitles":["AddMovie Component"],"failureMessages":[],"fullName":"AddMovie Component submits form and calls createMovie API","location":null,"status":"passed","title":"submits form and calls createMovie API"}],"endTime":1787620717086,"message":"","name":"F:\\CineVora\\frontend\\src\\tests\\AddMovieForm.test.jsx","startTime":1787620716179,"status":"passed","summary":""},{"assertionResults":[{"ancestorTitles":["MovieDetails Component"],"failureMessages":[],"fullName":"MovieDetails Component renders loading and then movie details","location":null,"status":"passed","title":"renders loading and then movie details"},{"ancestorTitles":["MovieDetails Component"],"failureMessages":[],"fullName":"MovieDetails Component Book Now button navigates to booking page","location":null,"status":"passed","title":"Book Now button navigates to booking page"},{"ancestorTitles":["MovieDetails Component"],"failureMessages":[],"fullName":"MovieDetails Component Watch Trailer button opens and closes modal","location":null,"status":"passed","title":"Watch Trailer button opens and closes modal"}],"endTime":1787620717541,"message":"","name":"F:\\CineVora\\frontend\\src\\tests\\MovieDetails.test.jsx","startTime":1787620717150,"status":"passed","summary":""},{"assertionResults":[{"ancestorTitles":["EditMovie Component"],"failureMessages":[],"fullName":"EditMovie Component renders form fields with pre-filled movie data","location":null,"status":"passed","title":"renders form fields with pre-filled movie data"},{"ancestorTitles":["EditMovie Component"],"failureMessages":[],"fullName":"EditMovie Component submits form and calls updateMovie API","location":null,"status":"passed","title":"submits form and calls updateMovie API"}],"endTime":1787620718032,"message":"","name":"F:\\CineVora\\frontend\\src\\tests\\EditMovieForm.test.jsx","startTime":1787620717582,"status":"passed","summary":""},{"assertionResults":[{"ancestorTitles":["Home Component"],"failureMessages":[],"fullName":"Home Component renders Now Showing and Coming Soon sections","location":null,"status":"passed","title":"renders Now Showing and Coming Soon sections"},{"ancestorTitles":["Home Component"],"failureMessages":[],"fullName":"Home Component renders movies in the correct sections","location":null,"status":"passed","title":"renders movies in the correct sections"}],"endTime":1787620718318,"message":"","name":"F:\\CineVora\\frontend\\src\\tests\\Home.test.jsx","startTime":1787620718067,"status":"passed","summary":""},{"assertionResults":[{"ancestorTitles":[],"failureMessages":[],"fullName":"renders app header link","location":null,"status":"passed","title":"renders app header link"}],"endTime":1787620719750,"message":"","name":"F:\\CineVora\\frontend\\src\\App.test.js","startTime":1787620718347,"status":"passed","summary":""}],"wasInterrupted":false}